2025-09-18 12:07:13,702 - INFO - /home/computron/Documents/pythonTools/modules/abstract_hugpy/src/abstract_hugpy/video_console/imports/imports.py - started
2025-09-18 12:07:57,034 - INFO - /home/computron/Documents/pythonTools/modules/abstract_hugpy/src/abstract_hugpy/video_console/imports/imports.py - started
2025-09-18 12:09:32,806 - INFO - /home/computron/Documents/pythonTools/modules/abstract_hugpy/src/abstract_hugpy/video_console/imports/imports.py - started
2025-09-18 12:11:23,141 - INFO - /home/computron/Documents/pythonTools/modules/abstract_hugpy/src/abstract_hugpy/video_console/imports/imports.py - started
2025-09-18 12:13:35,288 - INFO - /home/computron/Documents/pythonTools/modules/abstract_hugpy/src/abstract_hugpy/video_console/imports/imports.py - started
2025-09-18 12:14:35,402 - INFO - /home/computron/Documents/pythonTools/modules/abstract_hugpy/src/abstract_hugpy/video_console/imports/imports.py - started
2025-09-18 12:23:45,149 - INFO - /home/computron/Documents/pythonTools/modules/abstract_hugpy/src/abstract_hugpy/video_console/imports/imports.py - started
2025-09-18 12:26:53,664 - INFO - /home/computron/Documents/pythonTools/modules/abstract_hugpy/src/abstract_hugpy/video_console/imports/imports.py - started
2025-09-18 12:34:49,384 - INFO - /home/computron/Documents/pythonTools/modules/abstract_hugpy/src/abstract_hugpy/video_console/imports/imports.py - started
2025-09-18 12:35:19,214 - INFO - /home/computron/Documents/pythonTools/modules/abstract_hugpy/src/abstract_hugpy/video_console/imports/imports.py - started
2025-09-18 12:35:56,925 - INFO - /home/computron/Documents/pythonTools/modules/abstract_hugpy/src/abstract_hugpy/video_console/imports/imports.py - started
2025-09-18 12:36:01,651 - WARNING - /home/computron/Documents/pythonTools/modules/abstract_hugpy/src/abstract_hugpy/video_console/functions/metadata_utils.py - Keyword extraction failed: name 'kw_model' is not defined
2025-09-18 12:36:01,689 - WARNING - /home/computron/Documents/pythonTools/modules/abstract_hugpy/src/abstract_hugpy/video_console/functions/metadata_utils.py - Summarization failed: name 'summarizer' is not defined
2025-09-18 12:36:01,712 - WARNING - /home/computron/Documents/pythonTools/modules/abstract_hugpy/src/abstract_hugpy/video_console/functions/metadata_utils.py - Keyword extraction failed: name 'kw_model' is not defined
2025-09-18 12:40:46,338 - INFO - /home/computron/Documents/pythonTools/modules/abstract_hugpy/src/abstract_hugpy/video_console/imports/imports.py - started
2025-09-18 12:40:48,528 - INFO - /home/computron/Documents/pythonTools/modules/abstract_hugpy/src/abstract_hugpy/video_console/functions/data_utils.py - video_path = /mnt/24T/hugging_face/videos/8Q0cp4b9pvg/8Q0cp4b9pvg.mp4
2025-09-18 12:40:51,042 - WARNING - /home/computron/Documents/pythonTools/modules/abstract_hugpy/src/abstract_hugpy/video_console/functions/metadata_utils.py - Keyword extraction failed: name 'kw_model' is not defined
2025-09-18 12:41:36,145 - INFO - /home/computron/Documents/pythonTools/modules/abstract_hugpy/src/abstract_hugpy/video_console/imports/imports.py - started
2025-09-18 12:41:38,393 - INFO - /home/computron/Documents/pythonTools/modules/abstract_hugpy/src/abstract_hugpy/video_console/functions/data_utils.py - video_path = /mnt/24T/hugging_face/videos/8Q0cp4b9pvg/8Q0cp4b9pvg.mp4
2025-09-18 12:41:40,893 - WARNING - /home/computron/Documents/pythonTools/modules/abstract_hugpy/src/abstract_hugpy/video_console/functions/metadata_utils.py - Keyword extraction failed: name 'kw_model' is not defined
2025-09-18 12:43:41,133 - INFO - /home/computron/Documents/pythonTools/modules/abstract_hugpy/src/abstract_hugpy/video_console/imports/imports.py - started
2025-09-18 12:43:43,495 - INFO - /home/computron/Documents/pythonTools/modules/abstract_hugpy/src/abstract_hugpy/video_console/functions/data_utils.py - video_path = /mnt/24T/hugging_face/videos/8Q0cp4b9pvg/8Q0cp4b9pvg.mp4
2025-09-18 12:43:45,884 - WARNING - /home/computron/Documents/pythonTools/modules/abstract_hugpy/src/abstract_hugpy/video_console/functions/metadata_utils.py - Keyword extraction failed: name 'kw_model' is not defined
2025-09-18 13:11:48,275 - INFO - /home/computron/Documents/pythonTools/modules/abstract_hugpy/src/abstract_hugpy/video_console/imports/imports.py - started
2025-09-18 13:16:49,160 - INFO - /home/computron/Documents/pythonTools/modules/abstract_hugpy/src/abstract_hugpy/video_console/imports/imports.py - started
2025-09-18 13:19:08,397 - INFO - /home/computron/Documents/pythonTools/modules/abstract_hugpy/src/abstract_hugpy/video_console/imports/imports.py - started
2025-09-18 13:19:41,410 - INFO - /home/computron/Documents/pythonTools/modules/abstract_hugpy/src/abstract_hugpy/video_console/imports/imports.py - started
2025-09-18 13:20:18,076 - INFO - /home/computron/Documents/pythonTools/modules/abstract_hugpy/src/abstract_hugpy/video_console/imports/imports.py - started
2025-09-18 13:24:51,379 - INFO - /home/computron/Documents/pythonTools/modules/abstract_hugpy/src/abstract_hugpy/video_console/imports/imports.py - started
2025-09-18 13:27:06,404 - INFO - /home/computron/Documents/pythonTools/modules/abstract_hugpy/src/abstract_hugpy/video_console/imports/imports.py - started
2025-09-18 13:27:12,875 - INFO - /home/computron/Documents/pythonTools/modules/abstract_hugpy/src/abstract_hugpy/video_console/imports/imports.py - started
2025-09-18 13:28:22,886 - INFO - /home/computron/Documents/pythonTools/modules/abstract_hugpy/src/abstract_hugpy/video_console/imports/imports.py - started
2025-09-18 13:30:19,268 - INFO - /home/computron/Documents/pythonTools/modules/abstract_hugpy/src/abstract_hugpy/video_console/imports/imports.py - started
2025-09-18 13:32:05,398 - INFO - /home/computron/Documents/pythonTools/modules/abstract_hugpy/src/abstract_hugpy/video_console/imports/imports.py - started
2025-09-18 13:32:20,613 - INFO - /home/computron/Documents/pythonTools/modules/abstract_hugpy/src/abstract_hugpy/video_console/imports/imports.py - started
2025-09-18 13:33:17,109 - INFO - /home/computron/Documents/pythonTools/modules/abstract_hugpy/src/abstract_hugpy/video_console/imports/imports.py - started
2025-09-18 13:34:22,791 - INFO - /home/computron/Documents/pythonTools/modules/abstract_hugpy/src/abstract_hugpy/video_console/imports/imports.py - started
2025-09-18 13:34:25,048 - INFO - /home/computron/Documents/pythonTools/modules/abstract_hugpy/src/abstract_hugpy/video_console/functions/data_utils.py - video_path = /mnt/24T/hugging_face/videos/8Q0cp4b9pvg/8Q0cp4b9pvg.mp4
2025-09-18 13:34:35,775 - INFO - /home/computron/Documents/pythonTools/modules/abstract_hugpy/src/abstract_hugpy/video_console/imports/imports.py - started
2025-09-18 13:34:37,971 - INFO - /home/computron/Documents/pythonTools/modules/abstract_hugpy/src/abstract_hugpy/video_console/functions/data_utils.py - video_path = /mnt/24T/hugging_face/videos/8Q0cp4b9pvg/8Q0cp4b9pvg.mp4
2025-09-18 13:35:06,844 - INFO - /home/computron/Documents/pythonTools/modules/abstract_hugpy/src/abstract_hugpy/video_console/imports/imports.py - started
2025-09-18 13:35:09,087 - INFO - /home/computron/Documents/pythonTools/modules/abstract_hugpy/src/abstract_hugpy/video_console/functions/data_utils.py - video_path = /mnt/24T/hugging_face/videos/8Q0cp4b9pvg/8Q0cp4b9pvg.mp4
2025-09-18 13:35:11,559 - INFO - /home/computron/Documents/pythonTools/modules/abstract_hugpy/src/abstract_hugpy/video_console/functions/data_utils.py - video_path = /mnt/24T/hugging_face/videos/8Q0cp4b9pvg/8Q0cp4b9pvg.mp4
2025-09-18 13:35:14,063 - WARNING - /home/computron/Documents/pythonTools/modules/abstract_hugpy/src/abstract_hugpy/video_console/functions/metadata_utils.py - Keyword extraction failed: name 'kw_model' is not defined
2025-09-18 13:35:57,125 - INFO - /home/computron/Documents/pythonTools/modules/abstract_hugpy/src/abstract_hugpy/video_console/imports/imports.py - started
2025-09-18 13:35:59,271 - INFO - /home/computron/Documents/pythonTools/modules/abstract_hugpy/src/abstract_hugpy/video_console/functions/data_utils.py - video_path = /mnt/24T/hugging_face/videos/8Q0cp4b9pvg/8Q0cp4b9pvg.mp4
2025-09-18 13:36:01,669 - INFO - /home/computron/Documents/pythonTools/modules/abstract_hugpy/src/abstract_hugpy/video_console/functions/data_utils.py - video_path = /mnt/24T/hugging_face/videos/8Q0cp4b9pvg/8Q0cp4b9pvg.mp4
2025-09-18 13:37:24,139 - WARNING - /home/computron/Documents/pythonTools/modules/abstract_hugpy/src/abstract_hugpy/video_console/functions/metadata_utils.py - Keyword extraction failed: name 'kw_model' is not defined
2025-09-18 13:37:24,172 - WARNING - /home/computron/Documents/pythonTools/modules/abstract_hugpy/src/abstract_hugpy/video_console/functions/metadata_utils.py - Summarization failed: name 'summarizer' is not defined
2025-09-18 13:37:24,222 - WARNING - /home/computron/Documents/pythonTools/modules/abstract_hugpy/src/abstract_hugpy/video_console/functions/metadata_utils.py - Keyword extraction failed: name 'kw_model' is not defined
2025-09-18 13:38:56,002 - INFO - /home/computron/Documents/pythonTools/modules/abstract_hugpy/src/abstract_hugpy/video_console/imports/imports.py - started
2025-09-18 13:39:00,720 - WARNING - /home/computron/Documents/pythonTools/modules/abstract_hugpy/src/abstract_hugpy/video_console/functions/metadata_utils.py - Keyword extraction failed: name 'kw_model' is not defined
2025-09-18 13:39:30,503 - INFO - /home/computron/Documents/pythonTools/modules/abstract_hugpy/src/abstract_hugpy/video_console/imports/imports.py - started
2025-09-18 13:40:13,569 - INFO - /home/computron/Documents/pythonTools/modules/abstract_hugpy/src/abstract_hugpy/video_console/imports/imports.py - started
2025-09-18 13:40:32,576 - INFO - /home/computron/Documents/pythonTools/modules/abstract_hugpy/src/abstract_hugpy/video_console/imports/imports.py - started
2025-09-18 13:42:08,963 - INFO - /home/computron/Documents/pythonTools/modules/abstract_hugpy/src/abstract_hugpy/video_console/imports/imports.py - started
2025-09-18 13:43:31,921 - WARNING - /home/computron/Documents/pythonTools/modules/abstract_hugpy/src/abstract_hugpy/video_console/functions/metadata_utils.py - Keyword extraction failed: name 'kw_model' is not defined
2025-09-18 13:43:31,957 - WARNING - /home/computron/Documents/pythonTools/modules/abstract_hugpy/src/abstract_hugpy/video_console/functions/metadata_utils.py - Summarization failed: name 'summarizer' is not defined
2025-09-18 13:43:32,004 - WARNING - /home/computron/Documents/pythonTools/modules/abstract_hugpy/src/abstract_hugpy/video_console/functions/metadata_utils.py - Keyword extraction failed: name 'kw_model' is not defined
2025-09-18 13:52:07,281 - INFO - /home/computron/Documents/pythonTools/modules/abstract_hugpy/src/abstract_hugpy/video_console/imports/imports.py - started
2025-09-18 13:52:25,616 - INFO - /home/computron/Documents/pythonTools/modules/abstract_hugpy/src/abstract_hugpy/video_console/imports/imports.py - started
2025-09-18 13:52:27,975 - INFO - /home/computron/Documents/pythonTools/modules/abstract_hugpy/src/abstract_hugpy/video_console/functions/data_utils.py - Downloading video for https://youtu.be/8Q0cp4b9pvg → /mnt/24T/hugging_face/videos/8Q0cp4b9pvg/8Q0cp4b9pvg.mp4
2025-09-18 13:52:42,023 - INFO - /home/computron/Documents/pythonTools/modules/abstract_hugpy/src/abstract_hugpy/video_console/imports/imports.py - started
2025-09-18 13:52:44,380 - INFO - /home/computron/Documents/pythonTools/modules/abstract_hugpy/src/abstract_hugpy/video_console/functions/data_utils.py - Downloading video for https://youtu.be/8Q0cp4b9pvg → /mnt/24T/hugging_face/videos/8Q0cp4b9pvg/8Q0cp4b9pvg.mp4
2025-09-18 13:53:35,378 - INFO - /home/computron/Documents/pythonTools/modules/abstract_hugpy/src/abstract_hugpy/video_console/imports/imports.py - started
2025-09-18 13:53:37,592 - INFO - /home/computron/Documents/pythonTools/modules/abstract_hugpy/src/abstract_hugpy/video_console/functions/data_utils.py - Downloading video for https://youtu.be/8Q0cp4b9pvg → /mnt/24T/hugging_face/videos/8Q0cp4b9pvg/8Q0cp4b9pvg.mp4
2025-09-18 13:53:39,537 - INFO - /home/computron/Documents/pythonTools/modules/abstract_hugpy/src/abstract_hugpy/video_console/functions/data_utils.py - Video info keys: []
2025-09-18 13:53:39,647 - WARNING - /home/computron/Documents/pythonTools/modules/abstract_hugpy/src/abstract_hugpy/video_console/functions/metadata_utils.py - Keyword extraction failed: name 'kw_model' is not defined
2025-09-18 13:54:15,424 - INFO - /home/computron/Documents/pythonTools/modules/abstract_hugpy/src/abstract_hugpy/video_console/imports/imports.py - started
2025-09-18 13:54:17,609 - INFO - /home/computron/Documents/pythonTools/modules/abstract_hugpy/src/abstract_hugpy/video_console/functions/data_utils.py - Downloading video for https://youtu.be/8Q0cp4b9pvg → /mnt/24T/hugging_face/videos/8Q0cp4b9pvg/8Q0cp4b9pvg.mp4
2025-09-18 13:54:20,010 - INFO - /home/computron/Documents/pythonTools/modules/abstract_hugpy/src/abstract_hugpy/video_console/functions/data_utils.py - Video info keys: []
2025-09-18 13:55:34,122 - WARNING - /home/computron/Documents/pythonTools/modules/abstract_hugpy/src/abstract_hugpy/video_console/functions/metadata_utils.py - Keyword extraction failed: name 'kw_model' is not defined
2025-09-18 13:55:34,164 - WARNING - /home/computron/Documents/pythonTools/modules/abstract_hugpy/src/abstract_hugpy/video_console/functions/metadata_utils.py - Summarization failed: name 'summarizer' is not defined
2025-09-18 13:55:34,221 - WARNING - /home/computron/Documents/pythonTools/modules/abstract_hugpy/src/abstract_hugpy/video_console/functions/metadata_utils.py - Keyword extraction failed: name 'kw_model' is not defined
2025-09-18 13:56:02,820 - INFO - /home/computron/Documents/pythonTools/modules/abstract_hugpy/src/abstract_hugpy/video_console/imports/imports.py - started
2025-09-18 13:56:06,597 - INFO - /home/computron/Documents/pythonTools/modules/abstract_hugpy/src/abstract_hugpy/video_console/functions/data_utils.py - Downloading video for https://youtu.be/8Q0cp4b9pvg → /mnt/24T/hugging_face/videos/8Q0cp4b9pvg/8Q0cp4b9pvg.mp4
2025-09-18 13:57:30,054 - INFO - /home/computron/Documents/pythonTools/modules/abstract_hugpy/src/abstract_hugpy/video_console/functions/data_utils.py - Video info keys: ['id', 'title', 'formats', 'thumbnails', 'thumbnail', 'description', 'channel_id', 'channel_url', 'duration', 'view_count', 'average_rating', 'age_limit', 'webpage_url', 'categories', 'tags', 'playable_in_embed', 'live_status', 'media_type', 'release_timestamp', '_format_sort_fields', 'automatic_captions', 'subtitles', 'comment_count', 'chapters', 'heatmap', 'like_count', 'channel', 'channel_follower_count', 'channel_is_verified', 'uploader', 'uploader_id', 'uploader_url', 'upload_date', 'timestamp', 'availability', 'original_url', 'webpage_url_basename', 'webpage_url_domain', 'extractor', 'extractor_key', 'playlist', 'playlist_index', 'display_id', 'fulltitle', 'duration_string', 'release_year', 'is_live', 'was_live', 'requested_subtitles', '_has_drm', 'epoch', 'requested_downloads', 'requested_formats', 'format', 'format_id', 'ext', 'protocol', 'language', 'format_note', 'filesize_approx', 'tbr', 'width', 'height', 'resolution', 'fps', 'dynamic_range', 'vcodec', 'vbr', 'stretched_ratio', 'aspect_ratio', 'acodec', 'abr', 'asr', 'audio_channels']
2025-09-18 13:57:30,094 - WARNING - /home/computron/Documents/pythonTools/modules/abstract_hugpy/src/abstract_hugpy/video_console/functions/metadata_utils.py - Keyword extraction failed: name 'kw_model' is not defined
2025-09-18 14:01:31,993 - INFO - /home/computron/Documents/pythonTools/modules/abstract_hugpy/src/abstract_hugpy/video_console/imports/imports.py - started
2025-09-18 14:01:35,093 - INFO - /home/computron/Documents/pythonTools/modules/abstract_hugpy/src/abstract_hugpy/video_console/functions/data_utils.py - Downloading video for https://youtu.be/8Q0cp4b9pvg → /mnt/24T/hugging_face/videos/8Q0cp4b9pvg/8Q0cp4b9pvg.mp4
2025-09-18 14:01:37,882 - INFO - /home/computron/Documents/pythonTools/modules/abstract_hugpy/src/abstract_hugpy/video_console/functions/data_utils.py - Video info keys: ['id', 'title', 'formats', 'thumbnails', 'thumbnail', 'description', 'channel_id', 'channel_url', 'duration', 'view_count', 'average_rating', 'age_limit', 'webpage_url', 'categories', 'tags', 'playable_in_embed', 'live_status', 'media_type', 'release_timestamp', '_format_sort_fields', 'automatic_captions', 'subtitles', 'comment_count', 'chapters', 'heatmap', 'like_count', 'channel', 'channel_follower_count', 'channel_is_verified', 'uploader', 'uploader_id', 'uploader_url', 'upload_date', 'timestamp', 'availability', 'original_url', 'webpage_url_basename', 'webpage_url_domain', 'extractor', 'extractor_key', 'playlist', 'playlist_index', 'display_id', 'fulltitle', 'duration_string', 'release_year', 'is_live', 'was_live', 'requested_subtitles', '_has_drm', 'epoch', 'requested_downloads', 'requested_formats', 'format', 'format_id', 'ext', 'protocol', 'language', 'format_note', 'filesize_approx', 'tbr', 'width', 'height', 'resolution', 'fps', 'dynamic_range', 'vcodec', 'vbr', 'stretched_ratio', 'aspect_ratio', 'acodec', 'abr', 'asr', 'audio_channels']
2025-09-18 14:01:37,916 - WARNING - /home/computron/Documents/pythonTools/modules/abstract_hugpy/src/abstract_hugpy/video_console/functions/metadata_utils.py - Keyword extraction failed: name 'kw_model' is not defined
2025-09-18 14:03:44,549 - INFO - /home/computron/Documents/pythonTools/modules/abstract_hugpy/src/abstract_hugpy/video_console/imports/imports.py - started
2025-09-18 14:03:47,613 - INFO - /home/computron/Documents/pythonTools/modules/abstract_hugpy/src/abstract_hugpy/video_console/functions/data_utils.py - Downloading video for https://youtu.be/8Q0cp4b9pvg → /mnt/24T/hugging_face/videos/8Q0cp4b9pvg/8Q0cp4b9pvg.mp4
2025-09-18 14:03:50,474 - INFO - /home/computron/Documents/pythonTools/modules/abstract_hugpy/src/abstract_hugpy/video_console/functions/data_utils.py - Video info keys: ['id', 'title', 'formats', 'thumbnails', 'thumbnail', 'description', 'channel_id', 'channel_url', 'duration', 'view_count', 'average_rating', 'age_limit', 'webpage_url', 'categories', 'tags', 'playable_in_embed', 'live_status', 'media_type', 'release_timestamp', '_format_sort_fields', 'automatic_captions', 'subtitles', 'comment_count', 'chapters', 'heatmap', 'like_count', 'channel', 'channel_follower_count', 'channel_is_verified', 'uploader', 'uploader_id', 'uploader_url', 'upload_date', 'timestamp', 'availability', 'original_url', 'webpage_url_basename', 'webpage_url_domain', 'extractor', 'extractor_key', 'playlist', 'playlist_index', 'display_id', 'fulltitle', 'duration_string', 'release_year', 'is_live', 'was_live', 'requested_subtitles', '_has_drm', 'epoch', 'requested_downloads', 'requested_formats', 'format', 'format_id', 'ext', 'protocol', 'language', 'format_note', 'filesize_approx', 'tbr', 'width', 'height', 'resolution', 'fps', 'dynamic_range', 'vcodec', 'vbr', 'stretched_ratio', 'aspect_ratio', 'acodec', 'abr', 'asr', 'audio_channels']
2025-09-18 14:06:18,166 - INFO - /home/computron/Documents/pythonTools/modules/abstract_hugpy/src/abstract_hugpy/video_console/imports/imports.py - started
2025-09-18 14:07:34,066 - INFO - /home/computron/Documents/pythonTools/modules/abstract_hugpy/src/abstract_hugpy/video_console/imports/imports.py - started
2025-09-18 14:08:04,951 - INFO - /home/computron/Documents/pythonTools/modules/abstract_hugpy/src/abstract_hugpy/video_console/imports/imports.py - started
2025-09-18 14:13:26,837 - INFO - /home/computron/Documents/pythonTools/modules/abstract_hugpy/src/abstract_hugpy/video_console/imports/imports.py - started
2025-09-18 14:13:52,918 - INFO - /home/computron/Documents/pythonTools/modules/abstract_hugpy/src/abstract_hugpy/video_console/imports/imports.py - started
2025-09-18 14:14:27,192 - INFO - /home/computron/Documents/pythonTools/modules/abstract_hugpy/src/abstract_hugpy/video_console/imports/imports.py - started
2025-09-18 14:14:33,067 - ERROR - /home/computron/Documents/pythonTools/modules/abstract_hugpy/src/abstract_hugpy/video_console/functions/thumbnail_utils.py - No video at /mnt/24T/hugging_face/videos/8Q0cp4b9pvg/8Q0cp4b9pvg.mp4, cannot extract thumbnails.
2025-09-18 14:17:11,472 - INFO - /home/computron/Documents/pythonTools/modules/abstract_hugpy/src/abstract_hugpy/video_console/imports/imports.py - started
2025-09-18 14:18:13,616 - INFO - /home/computron/Documents/pythonTools/modules/abstract_hugpy/src/abstract_hugpy/video_console/imports/imports.py - started
2025-09-18 14:18:33,641 - INFO - /home/computron/Documents/pythonTools/modules/abstract_hugpy/src/abstract_hugpy/video_console/imports/imports.py - started
2025-09-18 14:26:32,342 - INFO - /home/computron/Documents/pythonTools/modules/abstract_hugpy/src/abstract_hugpy/video_console/imports/imports.py - started
2025-09-18 14:30:38,268 - INFO - /home/computron/Documents/pythonTools/modules/abstract_hugpy/src/abstract_hugpy/video_console/imports/imports.py - started
2025-09-18 14:31:43,675 - INFO - /home/computron/Documents/pythonTools/modules/abstract_hugpy/src/abstract_hugpy/video_console/imports/imports.py - started
2025-09-18 14:36:51,877 - INFO - /home/computron/Documents/pythonTools/modules/abstract_hugpy/src/abstract_hugpy/video_console/imports/imports.py - started
2025-09-18 14:37:30,173 - INFO - /home/computron/Documents/pythonTools/modules/abstract_hugpy/src/abstract_hugpy/video_console/imports/imports.py - started
2025-09-18 14:40:27,981 - INFO - /home/computron/Documents/pythonTools/modules/abstract_hugpy/src/abstract_hugpy/video_console/imports/imports.py - started
2025-09-18 14:40:44,336 - INFO - /home/computron/Documents/pythonTools/modules/abstract_hugpy/src/abstract_hugpy/video_console/imports/imports.py - started
2025-09-18 14:40:53,161 - INFO - /home/computron/Documents/pythonTools/modules/abstract_hugpy/src/abstract_hugpy/video_console/imports/imports.py - started
2025-09-18 14:45:05,098 - INFO - /home/computron/Documents/pythonTools/modules/abstract_hugpy/src/abstract_hugpy/video_console/imports/imports.py - started
2025-09-18 14:46:02,810 - INFO - /home/computron/Documents/pythonTools/modules/abstract_hugpy/src/abstract_hugpy/video_console/imports/imports.py - started
2025-09-18 14:46:29,938 - INFO - /home/computron/Documents/pythonTools/modules/abstract_hugpy/src/abstract_hugpy/video_console/imports/imports.py - started
2025-09-18 14:48:58,813 - INFO - /home/computron/Documents/pythonTools/modules/abstract_hugpy/src/abstract_hugpy/video_console/imports/imports.py - started
2025-09-18 14:49:52,807 - INFO - /home/computron/Documents/pythonTools/modules/abstract_hugpy/src/abstract_hugpy/video_console/imports/imports.py - started
2025-09-18 14:50:16,507 - INFO - /home/computron/Documents/pythonTools/modules/abstract_hugpy/src/abstract_hugpy/video_console/imports/imports.py - started
2025-09-18 14:50:44,845 - INFO - /home/computron/Documents/pythonTools/modules/abstract_hugpy/src/abstract_hugpy/video_console/imports/imports.py - started
2025-09-18 14:52:20,064 - INFO - /home/computron/Documents/pythonTools/modules/abstract_hugpy/src/abstract_hugpy/video_console/imports/imports.py - started
2025-09-18 14:52:49,346 - INFO - /home/computron/Documents/pythonTools/modules/abstract_hugpy/src/abstract_hugpy/video_console/imports/imports.py - started
2025-09-18 15:02:47,401 - INFO - /home/computron/Documents/pythonTools/modules/abstract_hugpy/src/abstract_hugpy/video_console/imports/imports.py - started
2025-09-18 15:03:07,750 - INFO - /home/computron/Documents/pythonTools/modules/abstract_hugpy/src/abstract_hugpy/video_console/imports/imports.py - started
2025-09-18 15:04:05,045 - INFO - /home/computron/Documents/pythonTools/modules/abstract_hugpy/src/abstract_hugpy/video_console/imports/imports.py - started
2025-09-18 15:06:41,920 - INFO - /home/computron/Documents/pythonTools/modules/abstract_hugpy/src/abstract_hugpy/video_console/imports/imports.py - started
2025-09-18 15:07:01,108 - INFO - /home/computron/Documents/pythonTools/modules/abstract_hugpy/src/abstract_hugpy/video_console/imports/imports.py - started
2025-09-18 15:11:33,718 - INFO - /home/computron/Documents/pythonTools/modules/abstract_hugpy/src/abstract_hugpy/video_console/imports/imports.py - started
2025-09-18 15:25:08,765 - INFO - /home/computron/Documents/pythonTools/modules/abstract_hugpy/src/abstract_hugpy/video_console/imports/imports.py - started
2025-09-18 15:25:35,774 - INFO - /home/computron/Documents/pythonTools/modules/abstract_hugpy/src/abstract_hugpy/video_console/imports/imports.py - started
2025-09-18 15:26:09,445 - INFO - /home/computron/Documents/pythonTools/modules/abstract_hugpy/src/abstract_hugpy/video_console/imports/imports.py - started
2025-09-18 15:26:28,995 - INFO - /home/computron/Documents/pythonTools/modules/abstract_hugpy/src/abstract_hugpy/video_console/imports/imports.py - started
2025-09-18 15:28:36,244 - INFO - /home/computron/Documents/pythonTools/modules/abstract_hugpy/src/abstract_hugpy/video_console/imports/imports.py - started
2025-09-18 15:31:18,766 - INFO - /home/computron/Documents/pythonTools/modules/abstract_hugpy/src/abstract_hugpy/video_console/imports/imports.py - started
2025-09-18 19:00:29,205 - INFO - /home/computron/Documents/pythonTools/modules/abstract_hugpy/src/abstract_hugpy/video_console/imports/imports.py - started
2025-09-18 19:00:52,912 - INFO - /home/computron/Documents/pythonTools/modules/abstract_hugpy/src/abstract_hugpy/video_console/imports/imports.py - started
2025-09-18 19:01:15,506 - INFO - /home/computron/Documents/pythonTools/modules/abstract_hugpy/src/abstract_hugpy/video_console/imports/imports.py - started
2025-09-18 19:01:38,085 - INFO - /home/computron/Documents/pythonTools/modules/abstract_hugpy/src/abstract_hugpy/video_console/imports/imports.py - started
2025-09-18 19:02:07,134 - INFO - /home/computron/Documents/pythonTools/modules/abstract_hugpy/src/abstract_hugpy/video_console/imports/imports.py - started
2025-09-18 19:03:33,274 - INFO - /home/computron/Documents/pythonTools/modules/abstract_hugpy/src/abstract_hugpy/video_console/imports/imports.py - started
2025-09-18 19:04:41,843 - INFO - /home/computron/Documents/pythonTools/modules/abstract_hugpy/src/abstract_hugpy/video_console/imports/imports.py - started
2025-09-18 19:06:24,112 - INFO - /home/computron/Documents/pythonTools/modules/abstract_hugpy/src/abstract_hugpy/video_console/imports/imports.py - started
2025-09-18 19:07:21,248 - INFO - /home/computron/Documents/pythonTools/modules/abstract_hugpy/src/abstract_hugpy/video_console/imports/imports.py - started
2025-09-18 19:08:18,284 - INFO - /home/computron/Documents/pythonTools/modules/abstract_hugpy/src/abstract_hugpy/video_console/imports/imports.py - started
2025-09-18 19:08:40,213 - INFO - /home/computron/Documents/pythonTools/modules/abstract_hugpy/src/abstract_hugpy/video_console/imports/imports.py - started
2025-09-18 19:09:07,304 - INFO - /home/computron/Documents/pythonTools/modules/abstract_hugpy/src/abstract_hugpy/video_console/imports/imports.py - started
2025-09-18 19:09:40,308 - INFO - /home/computron/Documents/pythonTools/modules/abstract_hugpy/src/abstract_hugpy/video_console/imports/imports.py - started
2025-09-18 19:11:03,769 - INFO - /home/computron/Documents/pythonTools/modules/abstract_hugpy/src/abstract_hugpy/video_console/imports/imports.py - started
2025-09-18 19:38:24,893 - INFO - /home/computron/Documents/pythonTools/modules/abstract_hugpy/src/abstract_hugpy/video_console/imports/imports.py - started
2025-09-18 20:03:22,388 - INFO - /home/computron/Documents/pythonTools/modules/abstract_hugpy/src/abstract_hugpy/video_console/imports/imports.py - started
2025-09-18 20:05:32,118 - INFO - /home/computron/Documents/pythonTools/modules/abstract_hugpy/src/abstract_hugpy/video_console/imports/imports.py - started
2025-09-18 20:05:47,681 - INFO - /home/computron/Documents/pythonTools/modules/abstract_hugpy/src/abstract_hugpy/video_console/imports/imports.py - started
2025-09-18 20:08:06,037 - INFO - /home/computron/Documents/pythonTools/modules/abstract_hugpy/src/abstract_hugpy/video_console/imports/imports.py - started
2025-09-18 20:15:05,877 - INFO - /home/computron/Documents/pythonTools/modules/abstract_hugpy/src/abstract_hugpy/video_console/imports/imports.py - started
2025-09-18 20:15:50,280 - INFO - /home/computron/Documents/pythonTools/modules/abstract_hugpy/src/abstract_hugpy/video_console/imports/imports.py - started
2025-09-18 20:17:52,543 - INFO - /home/computron/Documents/pythonTools/modules/abstract_hugpy/src/abstract_hugpy/video_console/imports/imports.py - started
2025-09-18 20:20:37,586 - INFO - /home/computron/Documents/pythonTools/modules/abstract_hugpy/src/abstract_hugpy/video_console/imports/imports.py - started
2025-09-18 20:21:58,246 - INFO - /home/computron/Documents/pythonTools/modules/abstract_hugpy/src/abstract_hugpy/video_console/imports/imports.py - started
2025-09-18 20:24:43,751 - INFO - /home/computron/Documents/pythonTools/modules/abstract_hugpy/src/abstract_hugpy/video_console/imports/imports.py - started
2025-09-18 20:54:05,577 - INFO - /home/computron/Documents/pythonTools/modules/abstract_hugpy/src/abstract_hugpy/video_console/imports/imports.py - started
2025-09-18 20:56:45,002 - INFO - /home/computron/Documents/pythonTools/modules/abstract_hugpy/src/abstract_hugpy/video_console/imports/imports.py - started
2025-09-18 20:58:02,605 - INFO - /home/computron/Documents/pythonTools/modules/abstract_hugpy/src/abstract_hugpy/video_console/imports/imports.py - started
2025-09-18 21:01:45,158 - INFO - /home/computron/Documents/pythonTools/modules/abstract_hugpy/src/abstract_hugpy/video_console/imports/imports.py - started
2025-09-18 21:21:30,232 - INFO - /home/computron/Documents/pythonTools/modules/abstract_hugpy/src/abstract_hugpy/video_console/imports/imports.py - started
2025-09-18 22:36:32,101 - INFO - /home/computron/Documents/pythonTools/modules/abstract_hugpy/src/abstract_hugpy/video_console/imports/imports.py - started
2025-09-18 22:38:10,716 - INFO - /home/computron/Documents/pythonTools/modules/abstract_hugpy/src/abstract_hugpy/video_console/imports/imports.py - started
2025-09-18 22:39:46,482 - INFO - /home/computron/Documents/pythonTools/modules/abstract_hugpy/src/abstract_hugpy/video_console/imports/imports.py - started
2025-09-18 22:46:24,585 - INFO - /home/computron/Documents/pythonTools/modules/abstract_hugpy/src/abstract_hugpy/video_console/imports/imports.py - started
2025-09-18 22:46:39,830 - INFO - /home/computron/Documents/pythonTools/modules/abstract_hugpy/src/abstract_hugpy/video_console/imports/imports.py - started
2025-09-19 00:29:41,196 - INFO - /home/computron/Documents/pythonTools/modules/abstract_hugpy/src/abstract_hugpy/video_console/imports/imports.py - started
2025-09-19 00:30:49,926 - INFO - /home/computron/Documents/pythonTools/modules/abstract_hugpy/src/abstract_hugpy/video_console/imports/imports.py - started
2025-09-19 00:32:35,225 - INFO - /home/computron/Documents/pythonTools/modules/abstract_hugpy/src/abstract_hugpy/video_console/imports/imports.py - started
2025-09-19 00:33:16,442 - INFO - /home/computron/Documents/pythonTools/modules/abstract_hugpy/src/abstract_hugpy/video_console/imports/imports.py - started
2025-09-19 00:33:35,557 - INFO - /home/computron/Documents/pythonTools/modules/abstract_hugpy/src/abstract_hugpy/video_console/imports/imports.py - started
2025-09-19 00:34:40,582 - INFO - /home/computron/Documents/pythonTools/modules/abstract_hugpy/src/abstract_hugpy/video_console/imports/imports.py - started
2025-09-19 00:35:25,538 - INFO - /home/computron/Documents/pythonTools/modules/abstract_hugpy/src/abstract_hugpy/video_console/imports/imports.py - started
2025-09-19 00:37:17,643 - INFO - /home/computron/Documents/pythonTools/modules/abstract_hugpy/src/abstract_hugpy/video_console/imports/imports.py - started
