2025-09-22 13:26:55,623 - INFO - /home/computron/miniconda/lib/python3.12/site-packages/abstract_webtools/managers/videoDownloader/src/functions/download_utils.py - [VideoDownloader] Output template: /home/computron/videos/temp/%(id)s.%(ext)s
2025-09-22 13:26:58,607 - INFO - /home/computron/miniconda/lib/python3.12/site-packages/abstract_webtools/managers/videoDownloader/src/functions/download_utils.py - [VideoDownloader] Moved file to: /home/computron/videos/downloads/rLlWcvLBluI/video.webm
2025-09-22 13:26:58,728 - INFO - /home/computron/miniconda/lib/python3.12/site-packages/abstract_webtools/managers/videoDownloader/src/functions/download_utils.py - [VideoDownloader] Saved info to registry: /home/computron/videos/info_registry/rLlWcvLBluI.json
2025-09-22 13:29:15,581 - INFO - /home/computron/miniconda/lib/python3.12/site-packages/abstract_webtools/managers/videoDownloader/src/functions/download_utils.py - [VideoDownloader] Starting process for: https://www.youtube.com/watch?v=rLlWcvLBluI
2025-09-22 13:29:15,581 - INFO - /home/computron/miniconda/lib/python3.12/site-packages/abstract_webtools/managers/videoDownloader/src/functions/download_utils.py - Monitoring...
2025-09-22 13:29:15,669 - INFO - /home/computron/miniconda/lib/python3.12/site-packages/abstract_webtools/managers/videoDownloader/src/functions/download_utils.py - [VideoDownloader] Found cached info for https://www.youtube.com/watch?v=rLlWcvLBluI: rLlWcvLBluI
2025-09-22 13:29:15,679 - INFO - /home/computron/miniconda/lib/python3.12/site-packages/abstract_webtools/managers/videoDownloader/src/functions/download_utils.py - [VideoDownloader] Found existing file at /home/computron/videos/downloads/rLlWcvLBluI/video.webm
2025-09-22 13:29:15,690 - INFO - /home/computron/miniconda/lib/python3.12/site-packages/abstract_webtools/managers/videoDownloader/src/functions/download_utils.py - [VideoDownloader] Output template: /home/computron/videos/temp/%(id)s.%(ext)s
2025-09-22 13:29:18,614 - INFO - /home/computron/miniconda/lib/python3.12/site-packages/abstract_webtools/managers/videoDownloader/src/functions/download_utils.py - [VideoDownloader] Moved file to: /home/computron/videos/downloads/rLlWcvLBluI/video.webm
2025-09-22 13:29:18,670 - INFO - /home/computron/miniconda/lib/python3.12/site-packages/abstract_webtools/managers/videoDownloader/src/functions/download_utils.py - [VideoDownloader] Saved info to registry: /home/computron/videos/info_registry/rLlWcvLBluI.json
2025-09-22 13:33:34,507 - INFO - /home/computron/miniconda/lib/python3.12/site-packages/abstract_webtools/managers/videoDownloader/src/functions/download_utils.py - [VideoDownloader] Starting process for: https://www.youtube.com/watch?v=rLlWcvLBluI
2025-09-22 13:33:34,507 - INFO - /home/computron/miniconda/lib/python3.12/site-packages/abstract_webtools/managers/videoDownloader/src/functions/download_utils.py - Monitoring...
2025-09-22 13:33:34,642 - INFO - /home/computron/miniconda/lib/python3.12/site-packages/abstract_webtools/managers/videoDownloader/src/functions/download_utils.py - [VideoDownloader] Found cached info for https://www.youtube.com/watch?v=rLlWcvLBluI: rLlWcvLBluI
2025-09-22 13:33:34,657 - INFO - /home/computron/miniconda/lib/python3.12/site-packages/abstract_webtools/managers/videoDownloader/src/functions/download_utils.py - [VideoDownloader] Found existing file at /home/computron/videos/downloads/rLlWcvLBluI/video.webm
2025-09-22 13:33:34,669 - INFO - /home/computron/miniconda/lib/python3.12/site-packages/abstract_webtools/managers/videoDownloader/src/functions/download_utils.py - [VideoDownloader] Output template: /home/computron/videos/temp/%(id)s.%(ext)s
2025-09-22 13:33:37,475 - ERROR - /home/computron/miniconda/lib/python3.12/site-packages/abstract_webtools/managers/videoDownloader/src/functions/download_utils.py - [VideoDownloader] Failed to move file: [Errno 17] File exists: '/home/computron/videos/downloads/rLlWcvLBluI/video.webm'
2025-09-22 13:33:37,573 - INFO - /home/computron/miniconda/lib/python3.12/site-packages/abstract_webtools/managers/videoDownloader/src/functions/download_utils.py - [VideoDownloader] Saved info to registry: /home/computron/videos/info_registry/rLlWcvLBluI.json
2025-09-22 13:34:32,056 - INFO - /home/computron/miniconda/lib/python3.12/site-packages/abstract_webtools/managers/videoDownloader/src/functions/download_utils.py - [VideoDownloader] Starting process for: https://www.youtube.com/watch?v=rLlWcvLBluI
2025-09-22 13:34:32,056 - INFO - /home/computron/miniconda/lib/python3.12/site-packages/abstract_webtools/managers/videoDownloader/src/functions/download_utils.py - Monitoring...
2025-09-22 13:34:32,134 - INFO - /home/computron/miniconda/lib/python3.12/site-packages/abstract_webtools/managers/videoDownloader/src/functions/download_utils.py - [VideoDownloader] Found cached info for https://www.youtube.com/watch?v=rLlWcvLBluI: rLlWcvLBluI
2025-09-22 13:34:32,139 - INFO - /home/computron/miniconda/lib/python3.12/site-packages/abstract_webtools/managers/videoDownloader/src/functions/download_utils.py - [VideoDownloader] Output template: /home/computron/videos/temp/%(id)s.%(ext)s
2025-09-22 13:34:34,822 - ERROR - /home/computron/miniconda/lib/python3.12/site-packages/abstract_webtools/managers/videoDownloader/src/functions/download_utils.py - [VideoDownloader] Failed to move file: [Errno 17] File exists: '/home/computron/videos/downloads/rLlWcvLBluI/video.webm'
2025-09-22 13:34:34,914 - INFO - /home/computron/miniconda/lib/python3.12/site-packages/abstract_webtools/managers/videoDownloader/src/functions/download_utils.py - [VideoDownloader] Saved info to registry: /home/computron/videos/info_registry/rLlWcvLBluI.json
2025-09-22 13:39:21,544 - INFO - /home/computron/miniconda/lib/python3.12/site-packages/abstract_webtools/managers/videoDownloader/src/functions/download_utils.py - [VideoDownloader] Starting process for: https://www.youtube.com/watch?v=rLlWcvLBluI
2025-09-22 13:39:21,544 - INFO - /home/computron/miniconda/lib/python3.12/site-packages/abstract_webtools/managers/videoDownloader/src/functions/download_utils.py - Monitoring...
2025-09-22 13:39:21,668 - INFO - /home/computron/miniconda/lib/python3.12/site-packages/abstract_webtools/managers/videoDownloader/src/functions/download_utils.py - [VideoDownloader] Found cached info for https://www.youtube.com/watch?v=rLlWcvLBluI: rLlWcvLBluI
2025-09-22 13:39:21,687 - INFO - /home/computron/miniconda/lib/python3.12/site-packages/abstract_webtools/managers/videoDownloader/src/functions/download_utils.py - [VideoDownloader] Output template: /home/computron/videos/temp/%(id)s.%(ext)s
2025-09-22 13:39:24,661 - ERROR - /home/computron/miniconda/lib/python3.12/site-packages/abstract_webtools/managers/videoDownloader/src/functions/download_utils.py - [VideoDownloader] Failed to move file: [Errno 17] File exists: '/home/computron/videos/downloads/rLlWcvLBluI/video.webm'
2025-09-22 13:39:24,722 - INFO - /home/computron/miniconda/lib/python3.12/site-packages/abstract_webtools/managers/videoDownloader/src/functions/download_utils.py - [VideoDownloader] Saved info to registry: /home/computron/videos/info_registry/rLlWcvLBluI.json
2025-09-22 13:40:40,816 - INFO - /home/computron/miniconda/lib/python3.12/site-packages/abstract_webtools/managers/videoDownloader/src/functions/download_utils.py - [VideoDownloader] Starting process for: https://www.youtube.com/watch?v=rLlWcvLBluI
2025-09-22 13:40:40,817 - INFO - /home/computron/miniconda/lib/python3.12/site-packages/abstract_webtools/managers/videoDownloader/src/functions/download_utils.py - Monitoring...
2025-09-22 13:40:40,892 - INFO - /home/computron/miniconda/lib/python3.12/site-packages/abstract_webtools/managers/videoDownloader/src/functions/download_utils.py - [VideoDownloader] Found cached info for https://www.youtube.com/watch?v=rLlWcvLBluI: rLlWcvLBluI
2025-09-22 13:40:40,904 - INFO - /home/computron/miniconda/lib/python3.12/site-packages/abstract_webtools/managers/videoDownloader/src/functions/download_utils.py - [VideoDownloader] Output template: /home/computron/videos/temp/%(id)s.%(ext)s
2025-09-22 13:40:43,676 - ERROR - /home/computron/miniconda/lib/python3.12/site-packages/abstract_webtools/managers/videoDownloader/src/functions/download_utils.py - [VideoDownloader] Failed to move file: [Errno 17] File exists: '/home/computron/videos/downloads/rLlWcvLBluI/video.webm'
2025-09-22 13:40:43,788 - INFO - /home/computron/miniconda/lib/python3.12/site-packages/abstract_webtools/managers/videoDownloader/src/functions/download_utils.py - [VideoDownloader] Saved info to registry: /home/computron/videos/info_registry/rLlWcvLBluI.json
2025-09-22 13:55:16,753 - INFO - /home/computron/miniconda/lib/python3.12/site-packages/abstract_webtools/managers/videoDownloader/src/functions/download_utils.py - [VideoDownloader] Starting process for: https://www.youtube.com/watch?v=rLlWcvLBluI
2025-09-22 13:55:16,753 - INFO - /home/computron/miniconda/lib/python3.12/site-packages/abstract_webtools/managers/videoDownloader/src/functions/download_utils.py - Monitoring...
2025-09-22 13:55:16,835 - INFO - /home/computron/miniconda/lib/python3.12/site-packages/abstract_webtools/managers/videoDownloader/src/functions/download_utils.py - [VideoDownloader] Found cached info for https://www.youtube.com/watch?v=rLlWcvLBluI: rLlWcvLBluI
2025-09-22 13:55:16,849 - INFO - /home/computron/miniconda/lib/python3.12/site-packages/abstract_webtools/managers/videoDownloader/src/functions/download_utils.py - [VideoDownloader] Output template: /home/computron/videos/temp/%(id)s.%(ext)s
2025-09-22 13:55:19,745 - ERROR - /home/computron/miniconda/lib/python3.12/site-packages/abstract_webtools/managers/videoDownloader/src/functions/download_utils.py - [VideoDownloader] Failed to move file: [Errno 17] File exists: '/home/computron/videos/downloads/rLlWcvLBluI/video.webm'
2025-09-22 13:55:19,842 - INFO - /home/computron/miniconda/lib/python3.12/site-packages/abstract_webtools/managers/videoDownloader/src/functions/download_utils.py - [VideoDownloader] Saved info to registry: /home/computron/videos/info_registry/rLlWcvLBluI.json
2025-09-22 13:56:11,717 - INFO - /home/computron/miniconda/lib/python3.12/site-packages/abstract_webtools/managers/videoDownloader/src/functions/download_utils.py - [VideoDownloader] Starting process for: https://www.youtube.com/watch?v=rLlWcvLBluI
2025-09-22 13:56:11,717 - INFO - /home/computron/miniconda/lib/python3.12/site-packages/abstract_webtools/managers/videoDownloader/src/functions/download_utils.py - Monitoring...
2025-09-22 13:56:11,782 - INFO - /home/computron/miniconda/lib/python3.12/site-packages/abstract_webtools/managers/videoDownloader/src/functions/download_utils.py - [VideoDownloader] Found cached info for https://www.youtube.com/watch?v=rLlWcvLBluI: rLlWcvLBluI
2025-09-22 13:56:11,784 - INFO - /home/computron/miniconda/lib/python3.12/site-packages/abstract_webtools/managers/videoDownloader/src/functions/download_utils.py - [VideoDownloader] Output template: /home/computron/videos/temp/%(id)s.%(ext)s
2025-09-22 13:56:14,602 - ERROR - /home/computron/miniconda/lib/python3.12/site-packages/abstract_webtools/managers/videoDownloader/src/functions/download_utils.py - [VideoDownloader] Failed to move file: [Errno 17] File exists: '/home/computron/videos/downloads/rLlWcvLBluI/video.webm'
2025-09-22 13:56:14,648 - INFO - /home/computron/miniconda/lib/python3.12/site-packages/abstract_webtools/managers/videoDownloader/src/functions/download_utils.py - [VideoDownloader] Saved info to registry: /home/computron/videos/info_registry/rLlWcvLBluI.json
2025-09-22 13:56:34,500 - INFO - /home/computron/miniconda/lib/python3.12/site-packages/abstract_webtools/managers/videoDownloader/src/functions/download_utils.py - [VideoDownloader] Starting process for: https://www.youtube.com/watch?v=rLlWcvLBluI
2025-09-22 13:56:34,501 - INFO - /home/computron/miniconda/lib/python3.12/site-packages/abstract_webtools/managers/videoDownloader/src/functions/download_utils.py - Monitoring...
2025-09-22 13:56:34,574 - INFO - /home/computron/miniconda/lib/python3.12/site-packages/abstract_webtools/managers/videoDownloader/src/functions/download_utils.py - [VideoDownloader] Found cached info for https://www.youtube.com/watch?v=rLlWcvLBluI: rLlWcvLBluI
2025-09-22 13:56:34,587 - INFO - /home/computron/miniconda/lib/python3.12/site-packages/abstract_webtools/managers/videoDownloader/src/functions/download_utils.py - [VideoDownloader] Output template: /home/computron/videos/temp/%(id)s.%(ext)s
2025-09-22 13:56:37,434 - ERROR - /home/computron/miniconda/lib/python3.12/site-packages/abstract_webtools/managers/videoDownloader/src/functions/download_utils.py - [VideoDownloader] Failed to move file: [Errno 17] File exists: '/home/computron/videos/downloads/rLlWcvLBluI/video.webm'
2025-09-22 13:56:37,507 - INFO - /home/computron/miniconda/lib/python3.12/site-packages/abstract_webtools/managers/videoDownloader/src/functions/download_utils.py - [VideoDownloader] Saved info to registry: /home/computron/videos/info_registry/rLlWcvLBluI.json
2025-09-22 13:58:22,047 - INFO - /home/computron/miniconda/lib/python3.12/site-packages/abstract_webtools/managers/videoDownloader/src/functions/download_utils.py - [VideoDownloader] Starting process for: https://www.youtube.com/watch?v=rLlWcvLBluI
2025-09-22 13:58:22,048 - INFO - /home/computron/miniconda/lib/python3.12/site-packages/abstract_webtools/managers/videoDownloader/src/functions/download_utils.py - Monitoring...
2025-09-22 13:58:22,162 - INFO - /home/computron/miniconda/lib/python3.12/site-packages/abstract_webtools/managers/videoDownloader/src/functions/download_utils.py - [VideoDownloader] Found cached info for https://www.youtube.com/watch?v=rLlWcvLBluI: rLlWcvLBluI
2025-09-22 13:58:22,171 - INFO - /home/computron/miniconda/lib/python3.12/site-packages/abstract_webtools/managers/videoDownloader/src/functions/download_utils.py - [VideoDownloader] Output template: /home/computron/videos/temp/%(id)s.%(ext)s
2025-09-22 13:58:24,813 - ERROR - /home/computron/miniconda/lib/python3.12/site-packages/abstract_webtools/managers/videoDownloader/src/functions/download_utils.py - [VideoDownloader] Failed to move file: [Errno 17] File exists: '/home/computron/videos/downloads/rLlWcvLBluI/video.webm'
2025-09-22 13:58:24,872 - INFO - /home/computron/miniconda/lib/python3.12/site-packages/abstract_webtools/managers/videoDownloader/src/functions/download_utils.py - [VideoDownloader] Saved info to registry: /home/computron/videos/info_registry/rLlWcvLBluI.json
2025-09-22 14:02:56,608 - INFO - /home/computron/miniconda/lib/python3.12/site-packages/abstract_webtools/managers/videoDownloader/src/functions/download_utils.py - [VideoDownloader] Starting process for: https://www.youtube.com/watch?v=rLlWcvLBluI
2025-09-22 14:02:56,608 - INFO - /home/computron/miniconda/lib/python3.12/site-packages/abstract_webtools/managers/videoDownloader/src/functions/download_utils.py - Monitoring...
2025-09-22 14:02:56,735 - INFO - /home/computron/miniconda/lib/python3.12/site-packages/abstract_webtools/managers/videoDownloader/src/functions/download_utils.py - [VideoDownloader] Found cached info for https://www.youtube.com/watch?v=rLlWcvLBluI: rLlWcvLBluI
2025-09-22 14:02:56,744 - INFO - /home/computron/miniconda/lib/python3.12/site-packages/abstract_webtools/managers/videoDownloader/src/functions/download_utils.py - [VideoDownloader] Output template: /home/computron/videos/temp/%(id)s.%(ext)s
2025-09-22 14:02:59,657 - ERROR - /home/computron/miniconda/lib/python3.12/site-packages/abstract_webtools/managers/videoDownloader/src/functions/download_utils.py - [VideoDownloader] Failed to move file: [Errno 17] File exists: '/home/computron/videos/downloads/rLlWcvLBluI/video.webm'
2025-09-22 14:02:59,736 - INFO - /home/computron/miniconda/lib/python3.12/site-packages/abstract_webtools/managers/videoDownloader/src/functions/download_utils.py - [VideoDownloader] Saved info to registry: /home/computron/videos/info_registry/rLlWcvLBluI.json
2025-09-22 14:04:05,199 - INFO - /home/computron/miniconda/lib/python3.12/site-packages/abstract_webtools/managers/videoDownloader/src/functions/download_utils.py - [VideoDownloader] Starting process for: https://www.youtube.com/watch?v=rLlWcvLBluI
2025-09-22 14:04:05,199 - INFO - /home/computron/miniconda/lib/python3.12/site-packages/abstract_webtools/managers/videoDownloader/src/functions/download_utils.py - Monitoring...
2025-09-22 14:04:05,299 - INFO - /home/computron/miniconda/lib/python3.12/site-packages/abstract_webtools/managers/videoDownloader/src/functions/download_utils.py - [VideoDownloader] Found cached info for https://www.youtube.com/watch?v=rLlWcvLBluI: rLlWcvLBluI
2025-09-22 14:04:05,308 - INFO - /home/computron/miniconda/lib/python3.12/site-packages/abstract_webtools/managers/videoDownloader/src/functions/download_utils.py - [VideoDownloader] Output template: /home/computron/videos/temp/%(id)s.%(ext)s
2025-09-22 14:04:08,148 - ERROR - /home/computron/miniconda/lib/python3.12/site-packages/abstract_webtools/managers/videoDownloader/src/functions/download_utils.py - [VideoDownloader] Failed to move file: [Errno 17] File exists: '/home/computron/videos/downloads/rLlWcvLBluI/video.webm'
2025-09-22 14:04:08,209 - INFO - /home/computron/miniconda/lib/python3.12/site-packages/abstract_webtools/managers/videoDownloader/src/functions/download_utils.py - [VideoDownloader] Saved info to registry: /home/computron/videos/info_registry/rLlWcvLBluI.json
2025-09-22 14:06:18,009 - INFO - /home/computron/miniconda/lib/python3.12/site-packages/abstract_webtools/managers/videoDownloader/src/functions/download_utils.py - [VideoDownloader] Starting process for: https://www.youtube.com/watch?v=rLlWcvLBluI
2025-09-22 14:06:18,009 - INFO - /home/computron/miniconda/lib/python3.12/site-packages/abstract_webtools/managers/videoDownloader/src/functions/download_utils.py - Monitoring...
2025-09-22 14:06:18,088 - INFO - /home/computron/miniconda/lib/python3.12/site-packages/abstract_webtools/managers/videoDownloader/src/functions/download_utils.py - [VideoDownloader] Found cached info for https://www.youtube.com/watch?v=rLlWcvLBluI: rLlWcvLBluI
2025-09-22 14:06:18,109 - INFO - /home/computron/miniconda/lib/python3.12/site-packages/abstract_webtools/managers/videoDownloader/src/functions/download_utils.py - [VideoDownloader] Output template: /home/computron/videos/temp/%(id)s.%(ext)s
2025-09-22 14:06:21,407 - ERROR - /home/computron/miniconda/lib/python3.12/site-packages/abstract_webtools/managers/videoDownloader/src/functions/download_utils.py - [VideoDownloader] Failed to move file: [Errno 17] File exists: '/home/computron/videos/downloads/rLlWcvLBluI/video.webm'
2025-09-22 14:06:21,499 - INFO - /home/computron/miniconda/lib/python3.12/site-packages/abstract_webtools/managers/videoDownloader/src/functions/download_utils.py - [VideoDownloader] Saved info to registry: /home/computron/videos/info_registry/rLlWcvLBluI.json
2025-09-22 14:07:17,304 - INFO - /home/computron/miniconda/lib/python3.12/site-packages/abstract_webtools/managers/videoDownloader/src/functions/download_utils.py - [VideoDownloader] Starting process for: https://www.youtube.com/watch?v=rLlWcvLBluI
2025-09-22 14:07:17,305 - INFO - /home/computron/miniconda/lib/python3.12/site-packages/abstract_webtools/managers/videoDownloader/src/functions/download_utils.py - Monitoring...
2025-09-22 14:07:17,353 - INFO - /home/computron/miniconda/lib/python3.12/site-packages/abstract_webtools/managers/videoDownloader/src/functions/download_utils.py - [VideoDownloader] Found cached info for https://www.youtube.com/watch?v=rLlWcvLBluI: rLlWcvLBluI
2025-09-22 14:07:17,363 - INFO - /home/computron/miniconda/lib/python3.12/site-packages/abstract_webtools/managers/videoDownloader/src/functions/download_utils.py - [VideoDownloader] Output template: /home/computron/videos/temp/%(id)s.%(ext)s
2025-09-22 14:07:20,242 - ERROR - /home/computron/miniconda/lib/python3.12/site-packages/abstract_webtools/managers/videoDownloader/src/functions/download_utils.py - [VideoDownloader] Failed to move file: [Errno 17] File exists: '/home/computron/videos/downloads/rLlWcvLBluI/video.webm'
2025-09-22 14:07:20,301 - INFO - /home/computron/miniconda/lib/python3.12/site-packages/abstract_webtools/managers/videoDownloader/src/functions/download_utils.py - [VideoDownloader] Saved info to registry: /home/computron/videos/info_registry/rLlWcvLBluI.json
2025-09-22 14:14:18,373 - INFO - /home/computron/miniconda/lib/python3.12/site-packages/abstract_webtools/managers/videoDownloader/src/functions/download_utils.py - [VideoDownloader] Starting process for: https://www.youtube.com/watch?v=rLlWcvLBluI
2025-09-22 14:14:18,373 - INFO - /home/computron/miniconda/lib/python3.12/site-packages/abstract_webtools/managers/videoDownloader/src/functions/download_utils.py - Monitoring...
2025-09-22 14:14:18,493 - INFO - /home/computron/miniconda/lib/python3.12/site-packages/abstract_webtools/managers/videoDownloader/src/functions/download_utils.py - [VideoDownloader] Found cached info for https://www.youtube.com/watch?v=rLlWcvLBluI: rLlWcvLBluI
2025-09-22 14:14:18,497 - INFO - /home/computron/miniconda/lib/python3.12/site-packages/abstract_webtools/managers/videoDownloader/src/functions/download_utils.py - [VideoDownloader] Output template: /home/computron/videos/temp/%(id)s.%(ext)s
2025-09-22 14:14:21,254 - ERROR - /home/computron/miniconda/lib/python3.12/site-packages/abstract_webtools/managers/videoDownloader/src/functions/download_utils.py - [VideoDownloader] Failed to move file: [Errno 17] File exists: '/home/computron/videos/downloads/rLlWcvLBluI/video.webm'
2025-09-22 14:14:21,323 - INFO - /home/computron/miniconda/lib/python3.12/site-packages/abstract_webtools/managers/videoDownloader/src/functions/download_utils.py - [VideoDownloader] Saved info to registry: /home/computron/videos/info_registry/rLlWcvLBluI.json
2025-09-22 14:18:59,848 - INFO - /home/computron/miniconda/lib/python3.12/site-packages/abstract_webtools/managers/videoDownloader/src/functions/download_utils.py - [VideoDownloader] Starting process for: https://www.youtube.com/watch?v=rLlWcvLBluI
2025-09-22 14:18:59,848 - INFO - /home/computron/miniconda/lib/python3.12/site-packages/abstract_webtools/managers/videoDownloader/src/functions/download_utils.py - Monitoring...
2025-09-22 14:18:59,942 - INFO - /home/computron/miniconda/lib/python3.12/site-packages/abstract_webtools/managers/videoDownloader/src/functions/download_utils.py - [VideoDownloader] Found cached info for https://www.youtube.com/watch?v=rLlWcvLBluI: rLlWcvLBluI
2025-09-22 14:18:59,950 - INFO - /home/computron/miniconda/lib/python3.12/site-packages/abstract_webtools/managers/videoDownloader/src/functions/download_utils.py - [VideoDownloader] Output template: /home/computron/videos/temp/%(id)s.%(ext)s
2025-09-22 14:19:02,774 - ERROR - /home/computron/miniconda/lib/python3.12/site-packages/abstract_webtools/managers/videoDownloader/src/functions/download_utils.py - [VideoDownloader] Failed to move file: [Errno 17] File exists: '/home/computron/videos/downloads/rLlWcvLBluI/video.webm'
2025-09-22 14:19:02,849 - INFO - /home/computron/miniconda/lib/python3.12/site-packages/abstract_webtools/managers/videoDownloader/src/functions/download_utils.py - [VideoDownloader] Saved info to registry: /home/computron/videos/info_registry/rLlWcvLBluI.json
2025-09-22 14:20:04,339 - INFO - /home/computron/miniconda/lib/python3.12/site-packages/abstract_webtools/managers/videoDownloader/src/functions/download_utils.py - [VideoDownloader] Starting process for: https://www.youtube.com/watch?v=rLlWcvLBluI
2025-09-22 14:20:04,339 - INFO - /home/computron/miniconda/lib/python3.12/site-packages/abstract_webtools/managers/videoDownloader/src/functions/download_utils.py - Monitoring...
2025-09-22 14:20:04,469 - INFO - /home/computron/miniconda/lib/python3.12/site-packages/abstract_webtools/managers/videoDownloader/src/functions/download_utils.py - [VideoDownloader] Found cached info for https://www.youtube.com/watch?v=rLlWcvLBluI: rLlWcvLBluI
2025-09-22 14:20:04,483 - INFO - /home/computron/miniconda/lib/python3.12/site-packages/abstract_webtools/managers/videoDownloader/src/functions/download_utils.py - [VideoDownloader] Output template: /home/computron/videos/temp/%(id)s.%(ext)s
2025-09-22 14:20:07,130 - ERROR - /home/computron/miniconda/lib/python3.12/site-packages/abstract_webtools/managers/videoDownloader/src/functions/download_utils.py - [VideoDownloader] Failed to move file: [Errno 17] File exists: '/home/computron/videos/downloads/rLlWcvLBluI/video.webm'
2025-09-22 14:20:07,217 - INFO - /home/computron/miniconda/lib/python3.12/site-packages/abstract_webtools/managers/videoDownloader/src/functions/download_utils.py - [VideoDownloader] Saved info to registry: /home/computron/videos/info_registry/rLlWcvLBluI.json
2025-09-22 14:20:36,620 - INFO - /home/computron/miniconda/lib/python3.12/site-packages/abstract_webtools/managers/videoDownloader/src/functions/download_utils.py - [VideoDownloader] Starting process for: https://www.youtube.com/watch?v=rLlWcvLBluI
2025-09-22 14:20:36,620 - INFO - /home/computron/miniconda/lib/python3.12/site-packages/abstract_webtools/managers/videoDownloader/src/functions/download_utils.py - Monitoring...
2025-09-22 14:20:36,713 - INFO - /home/computron/miniconda/lib/python3.12/site-packages/abstract_webtools/managers/videoDownloader/src/functions/download_utils.py - [VideoDownloader] Found cached info for https://www.youtube.com/watch?v=rLlWcvLBluI: rLlWcvLBluI
2025-09-22 14:20:36,720 - INFO - /home/computron/miniconda/lib/python3.12/site-packages/abstract_webtools/managers/videoDownloader/src/functions/download_utils.py - [VideoDownloader] Output template: /home/computron/videos/temp/%(id)s.%(ext)s
2025-09-22 14:20:39,450 - ERROR - /home/computron/miniconda/lib/python3.12/site-packages/abstract_webtools/managers/videoDownloader/src/functions/download_utils.py - [VideoDownloader] Failed to move file: [Errno 17] File exists: '/home/computron/videos/downloads/rLlWcvLBluI/video.webm'
2025-09-22 14:20:39,509 - INFO - /home/computron/miniconda/lib/python3.12/site-packages/abstract_webtools/managers/videoDownloader/src/functions/download_utils.py - [VideoDownloader] Saved info to registry: /home/computron/videos/info_registry/rLlWcvLBluI.json
2025-09-22 14:21:06,506 - INFO - /home/computron/miniconda/lib/python3.12/site-packages/abstract_webtools/managers/videoDownloader/src/functions/download_utils.py - [VideoDownloader] Starting process for: https://www.youtube.com/watch?v=rLlWcvLBluI
2025-09-22 14:21:06,506 - INFO - /home/computron/miniconda/lib/python3.12/site-packages/abstract_webtools/managers/videoDownloader/src/functions/download_utils.py - Monitoring...
2025-09-22 14:21:06,592 - INFO - /home/computron/miniconda/lib/python3.12/site-packages/abstract_webtools/managers/videoDownloader/src/functions/download_utils.py - [VideoDownloader] Found cached info for https://www.youtube.com/watch?v=rLlWcvLBluI: rLlWcvLBluI
2025-09-22 14:21:06,602 - INFO - /home/computron/miniconda/lib/python3.12/site-packages/abstract_webtools/managers/videoDownloader/src/functions/download_utils.py - [VideoDownloader] Output template: /home/computron/videos/temp/%(id)s.%(ext)s
2025-09-22 14:21:09,485 - ERROR - /home/computron/miniconda/lib/python3.12/site-packages/abstract_webtools/managers/videoDownloader/src/functions/download_utils.py - [VideoDownloader] Failed to move file: [Errno 17] File exists: '/home/computron/videos/downloads/rLlWcvLBluI/video.webm'
2025-09-22 14:21:09,600 - INFO - /home/computron/miniconda/lib/python3.12/site-packages/abstract_webtools/managers/videoDownloader/src/functions/download_utils.py - [VideoDownloader] Saved info to registry: /home/computron/videos/info_registry/rLlWcvLBluI.json
2025-09-22 14:25:06,921 - INFO - /home/computron/miniconda/lib/python3.12/site-packages/abstract_webtools/managers/videoDownloader/src/functions/download_utils.py - [VideoDownloader] Starting process for: https://www.youtube.com/watch?v=rLlWcvLBluI
2025-09-22 14:25:06,922 - INFO - /home/computron/miniconda/lib/python3.12/site-packages/abstract_webtools/managers/videoDownloader/src/functions/download_utils.py - Monitoring...
2025-09-22 14:25:06,980 - INFO - /home/computron/miniconda/lib/python3.12/site-packages/abstract_webtools/managers/videoDownloader/src/functions/download_utils.py - [VideoDownloader] Found cached info for https://www.youtube.com/watch?v=rLlWcvLBluI: rLlWcvLBluI
2025-09-22 14:25:06,988 - INFO - /home/computron/miniconda/lib/python3.12/site-packages/abstract_webtools/managers/videoDownloader/src/functions/download_utils.py - [VideoDownloader] Output template: /home/computron/videos/temp/%(id)s.%(ext)s
2025-09-22 14:25:09,726 - ERROR - /home/computron/miniconda/lib/python3.12/site-packages/abstract_webtools/managers/videoDownloader/src/functions/download_utils.py - [VideoDownloader] Failed to move file: [Errno 17] File exists: '/home/computron/videos/downloads/rLlWcvLBluI/video.webm'
2025-09-22 14:25:09,779 - INFO - /home/computron/miniconda/lib/python3.12/site-packages/abstract_webtools/managers/videoDownloader/src/functions/download_utils.py - [VideoDownloader] Saved info to registry: /home/computron/videos/info_registry/rLlWcvLBluI.json
2025-09-22 15:12:16,573 - INFO - /home/computron/miniconda/lib/python3.12/site-packages/abstract_webtools/managers/videoDownloader/src/functions/download_utils.py - [VideoDownloader] Starting process for: https://www.youtube.com/watch?v=rLlWcvLBluI
2025-09-22 15:12:16,573 - INFO - /home/computron/miniconda/lib/python3.12/site-packages/abstract_webtools/managers/videoDownloader/src/functions/download_utils.py - Monitoring...
2025-09-22 15:12:16,646 - INFO - /home/computron/miniconda/lib/python3.12/site-packages/abstract_webtools/managers/videoDownloader/src/functions/download_utils.py - [VideoDownloader] Found cached info for https://www.youtube.com/watch?v=rLlWcvLBluI: rLlWcvLBluI
2025-09-22 15:12:16,648 - INFO - /home/computron/miniconda/lib/python3.12/site-packages/abstract_webtools/managers/videoDownloader/src/functions/download_utils.py - [VideoDownloader] Output template: /home/computron/videos/temp/%(id)s.%(ext)s
2025-09-22 15:12:19,689 - ERROR - /home/computron/miniconda/lib/python3.12/site-packages/abstract_webtools/managers/videoDownloader/src/functions/download_utils.py - [VideoDownloader] Failed to move file: [Errno 17] File exists: '/home/computron/videos/downloads/rLlWcvLBluI/video.webm'
2025-09-22 15:12:19,762 - INFO - /home/computron/miniconda/lib/python3.12/site-packages/abstract_webtools/managers/videoDownloader/src/functions/download_utils.py - [VideoDownloader] Saved info to registry: /home/computron/videos/info_registry/rLlWcvLBluI.json
2025-09-22 15:21:35,576 - INFO - /home/computron/miniconda/lib/python3.12/site-packages/abstract_webtools/managers/videoDownloader/src/functions/download_utils.py - [VideoDownloader] Starting process for: https://www.youtube.com/watch?v=rLlWcvLBluI
2025-09-22 15:21:35,577 - INFO - /home/computron/miniconda/lib/python3.12/site-packages/abstract_webtools/managers/videoDownloader/src/functions/download_utils.py - Monitoring...
2025-09-22 15:21:35,633 - INFO - /home/computron/miniconda/lib/python3.12/site-packages/abstract_webtools/managers/videoDownloader/src/functions/download_utils.py - [VideoDownloader] Found cached info for https://www.youtube.com/watch?v=rLlWcvLBluI: rLlWcvLBluI
2025-09-22 15:21:35,648 - INFO - /home/computron/miniconda/lib/python3.12/site-packages/abstract_webtools/managers/videoDownloader/src/functions/download_utils.py - [VideoDownloader] Output template: /home/computron/videos/temp/%(id)s.%(ext)s
2025-09-22 15:21:38,353 - ERROR - /home/computron/miniconda/lib/python3.12/site-packages/abstract_webtools/managers/videoDownloader/src/functions/download_utils.py - [VideoDownloader] Failed to move file: [Errno 17] File exists: '/home/computron/videos/downloads/rLlWcvLBluI/video.webm'
2025-09-22 15:21:38,406 - INFO - /home/computron/miniconda/lib/python3.12/site-packages/abstract_webtools/managers/videoDownloader/src/functions/download_utils.py - [VideoDownloader] Saved info to registry: /home/computron/videos/info_registry/rLlWcvLBluI.json
2025-09-22 15:30:53,035 - INFO - /home/computron/miniconda/lib/python3.12/site-packages/abstract_webtools/managers/videoDownloader/src/functions/download_utils.py - [VideoDownloader] Starting process for: https://www.youtube.com/watch?v=rLlWcvLBluI
2025-09-22 15:30:53,035 - INFO - /home/computron/miniconda/lib/python3.12/site-packages/abstract_webtools/managers/videoDownloader/src/functions/download_utils.py - Monitoring...
2025-09-22 15:30:53,107 - INFO - /home/computron/miniconda/lib/python3.12/site-packages/abstract_webtools/managers/videoDownloader/src/functions/download_utils.py - [VideoDownloader] Found cached info for https://www.youtube.com/watch?v=rLlWcvLBluI: rLlWcvLBluI
2025-09-22 15:30:53,117 - INFO - /home/computron/miniconda/lib/python3.12/site-packages/abstract_webtools/managers/videoDownloader/src/functions/download_utils.py - [VideoDownloader] Output template: /home/computron/videos/temp/%(id)s.%(ext)s
2025-09-22 15:30:56,219 - ERROR - /home/computron/miniconda/lib/python3.12/site-packages/abstract_webtools/managers/videoDownloader/src/functions/download_utils.py - [VideoDownloader] Failed to move file: [Errno 17] File exists: '/home/computron/videos/downloads/rLlWcvLBluI/video.webm'
2025-09-22 15:30:56,308 - INFO - /home/computron/miniconda/lib/python3.12/site-packages/abstract_webtools/managers/videoDownloader/src/functions/download_utils.py - [VideoDownloader] Saved info to registry: /home/computron/videos/info_registry/rLlWcvLBluI.json
2025-09-22 15:31:39,040 - INFO - /home/computron/miniconda/lib/python3.12/site-packages/abstract_webtools/managers/videoDownloader/src/functions/download_utils.py - [VideoDownloader] Starting process for: https://www.youtube.com/watch?v=rLlWcvLBluI
2025-09-22 15:31:39,040 - INFO - /home/computron/miniconda/lib/python3.12/site-packages/abstract_webtools/managers/videoDownloader/src/functions/download_utils.py - Monitoring...
2025-09-22 15:31:39,119 - INFO - /home/computron/miniconda/lib/python3.12/site-packages/abstract_webtools/managers/videoDownloader/src/functions/download_utils.py - [VideoDownloader] Found cached info for https://www.youtube.com/watch?v=rLlWcvLBluI: rLlWcvLBluI
2025-09-22 15:31:39,130 - INFO - /home/computron/miniconda/lib/python3.12/site-packages/abstract_webtools/managers/videoDownloader/src/functions/download_utils.py - [VideoDownloader] Output template: /home/computron/videos/temp/%(id)s.%(ext)s
2025-09-22 15:31:41,467 - ERROR - /home/computron/miniconda/lib/python3.12/site-packages/abstract_webtools/managers/videoDownloader/src/functions/download_utils.py - [VideoDownloader] Failed to move file: [Errno 17] File exists: '/home/computron/videos/downloads/rLlWcvLBluI/video.webm'
2025-09-22 15:31:41,504 - INFO - /home/computron/miniconda/lib/python3.12/site-packages/abstract_webtools/managers/videoDownloader/src/functions/download_utils.py - [VideoDownloader] Saved info to registry: /home/computron/videos/info_registry/rLlWcvLBluI.json
2025-09-22 15:44:38,550 - INFO - /home/computron/miniconda/lib/python3.12/site-packages/abstract_webtools/managers/videoDownloader/src/functions/download_utils.py - [VideoDownloader] Starting process for: https://www.youtube.com/watch?v=rLlWcvLBluI
2025-09-22 15:44:38,551 - INFO - /home/computron/miniconda/lib/python3.12/site-packages/abstract_webtools/managers/videoDownloader/src/functions/download_utils.py - Monitoring...
2025-09-22 15:44:38,657 - INFO - /home/computron/miniconda/lib/python3.12/site-packages/abstract_webtools/managers/videoDownloader/src/functions/download_utils.py - [VideoDownloader] Found cached info for https://www.youtube.com/watch?v=rLlWcvLBluI: rLlWcvLBluI
2025-09-22 15:44:38,674 - INFO - /home/computron/miniconda/lib/python3.12/site-packages/abstract_webtools/managers/videoDownloader/src/functions/download_utils.py - [VideoDownloader] Output template: /home/computron/videos/temp/%(id)s.%(ext)s
2025-09-22 15:44:41,521 - INFO - /home/computron/miniconda/lib/python3.12/site-packages/abstract_webtools/managers/videoDownloader/src/functions/download_utils.py - [VideoDownloader] Moved file to: /home/computron/videos/downloads/rLlWcvLBluI/rLlWcvLBluI.webm
2025-09-22 15:44:41,649 - INFO - /home/computron/miniconda/lib/python3.12/site-packages/abstract_webtools/managers/videoDownloader/src/functions/download_utils.py - [VideoDownloader] Saved info to registry: /home/computron/videos/downloads/rLlWcvLBluI/rLlWcvLBluI.webm
2025-09-22 15:45:22,097 - INFO - /home/computron/miniconda/lib/python3.12/site-packages/abstract_webtools/managers/videoDownloader/src/functions/download_utils.py - [VideoDownloader] Starting process for: https://www.youtube.com/watch?v=rLlWcvLBluI
2025-09-22 15:45:22,097 - INFO - /home/computron/miniconda/lib/python3.12/site-packages/abstract_webtools/managers/videoDownloader/src/functions/download_utils.py - Monitoring...
2025-09-22 15:45:22,210 - INFO - /home/computron/miniconda/lib/python3.12/site-packages/abstract_webtools/managers/videoDownloader/src/functions/download_utils.py - [VideoDownloader] Found cached info for https://www.youtube.com/watch?v=rLlWcvLBluI: rLlWcvLBluI
2025-09-22 15:45:22,221 - INFO - /home/computron/miniconda/lib/python3.12/site-packages/abstract_webtools/managers/videoDownloader/src/functions/download_utils.py - [VideoDownloader] Output template: /home/computron/videos/temp/%(id)s.%(ext)s
2025-09-22 15:45:25,234 - INFO - /home/computron/miniconda/lib/python3.12/site-packages/abstract_webtools/managers/videoDownloader/src/functions/download_utils.py - [VideoDownloader] Moved file to: /home/computron/videos/downloads/rLlWcvLBluI/rLlWcvLBluI.webm
2025-09-22 15:45:25,365 - INFO - /home/computron/miniconda/lib/python3.12/site-packages/abstract_webtools/managers/videoDownloader/src/functions/download_utils.py - [VideoDownloader] Saved info to registry: /home/computron/videos/downloads/rLlWcvLBluI/rLlWcvLBluI.webm
2025-09-22 15:46:08,528 - INFO - /home/computron/miniconda/lib/python3.12/site-packages/abstract_webtools/managers/videoDownloader/src/functions/download_utils.py - [VideoDownloader] Starting process for: https://www.youtube.com/watch?v=rLlWcvLBluI
2025-09-22 15:46:08,528 - INFO - /home/computron/miniconda/lib/python3.12/site-packages/abstract_webtools/managers/videoDownloader/src/functions/download_utils.py - Monitoring...
2025-09-22 15:46:08,622 - INFO - /home/computron/miniconda/lib/python3.12/site-packages/abstract_webtools/managers/videoDownloader/src/functions/download_utils.py - [VideoDownloader] Found cached info for https://www.youtube.com/watch?v=rLlWcvLBluI: rLlWcvLBluI
2025-09-22 15:46:08,631 - INFO - /home/computron/miniconda/lib/python3.12/site-packages/abstract_webtools/managers/videoDownloader/src/functions/download_utils.py - [VideoDownloader] Output template: /home/computron/videos/temp/%(id)s.%(ext)s
2025-09-22 15:46:11,656 - ERROR - /home/computron/miniconda/lib/python3.12/site-packages/abstract_webtools/managers/videoDownloader/src/functions/download_utils.py - [VideoDownloader] Failed to move file: Destination path '/home/computron/videos/downloads/rLlWcvLBluI/rLlWcvLBluI.webm/rLlWcvLBluI.webm' already exists
2025-09-22 15:46:11,777 - INFO - /home/computron/miniconda/lib/python3.12/site-packages/abstract_webtools/managers/videoDownloader/src/functions/download_utils.py - [VideoDownloader] Saved info to registry: /home/computron/videos/temp/rLlWcvLBluI.webm
2025-09-22 15:54:44,836 - INFO - /home/computron/miniconda/lib/python3.12/site-packages/abstract_webtools/managers/videoDownloader/src/functions/download_utils.py - [VideoDownloader] Processing: https://www.youtube.com/watch?v=rLlWcvLBluI
2025-09-22 15:54:44,980 - INFO - /home/computron/miniconda/lib/python3.12/site-packages/abstract_webtools/managers/videoDownloader/src/functions/download_utils.py - [VideoDownloader] Found cached file: /home/computron/videos/temp/rLlWcvLBluI.webm
2025-09-22 15:55:09,722 - INFO - /home/computron/miniconda/lib/python3.12/site-packages/abstract_webtools/managers/videoDownloader/src/functions/download_utils.py - [VideoDownloader] Processing: https://www.youtube.com/watch?v=rLlWcvLBluI
