2025-09-19 02:57:06,220 - INFO - /home/computron/miniconda/lib/python3.12/site-packages/abstract_webtools/managers/videoDownloader.py - Monitoring...
2025-09-19 02:57:08,817 - INFO - /home/computron/miniconda/lib/python3.12/site-packages/abstract_webtools/managers/videoDownloader.py - Estimated download time: -3.0676523844401043e-06 minutes
2025-09-19 02:57:08,840 - INFO - /home/computron/miniconda/lib/python3.12/site-packages/abstract_webtools/managers/videoDownloader.py - Monitoring...
2025-09-19 02:57:10,980 - INFO - /home/computron/miniconda/lib/python3.12/site-packages/abstract_webtools/managers/videoDownloader.py - Estimated download time: -1.476605733235677e-05 minutes
2025-09-19 02:59:29,016 - INFO - /home/computron/Documents/pythonTools/modules/abstract_hugpy/src/abstract_hugpy/video_console/imports/web_utils.py - name 'linkManager' is not defined
2025-09-19 02:59:29,036 - INFO - /home/computron/Documents/pythonTools/modules/abstract_hugpy/src/abstract_hugpy/video_console/imports/web_utils.py - name 'urlunparse' is not defined
2025-09-19 02:59:29,052 - INFO - /home/computron/Documents/pythonTools/modules/abstract_hugpy/src/abstract_hugpy/video_console/imports/abstract_webs.py - Monitoring...
2025-09-19 02:59:31,636 - INFO - /home/computron/Documents/pythonTools/modules/abstract_hugpy/src/abstract_hugpy/video_console/imports/abstract_webs.py - Estimated download time: -3.6001205444335937e-06 minutes
2025-09-19 03:00:15,885 - INFO - /home/computron/Documents/pythonTools/modules/abstract_hugpy/src/abstract_hugpy/video_console/imports/abstract_webs.py - Monitoring...
2025-09-19 03:00:16,521 - INFO - /home/computron/Documents/pythonTools/modules/abstract_hugpy/src/abstract_hugpy/video_console/imports/abstract_webs.py - Estimated download time: -2.8133392333984377e-06 minutes
2025-09-19 03:00:16,542 - INFO - /home/computron/Documents/pythonTools/modules/abstract_hugpy/src/abstract_hugpy/video_console/imports/abstract_webs.py - Monitoring...
2025-09-19 03:00:16,893 - INFO - /home/computron/Documents/pythonTools/modules/abstract_hugpy/src/abstract_hugpy/video_console/imports/abstract_webs.py - Estimated download time: -3.7471453348795573e-06 minutes
2025-09-19 03:01:42,357 - INFO - /home/computron/Documents/pythonTools/modules/abstract_hugpy/src/abstract_hugpy/video_console/imports/abstract_webs.py - Monitoring...
2025-09-19 03:01:44,899 - INFO - /home/computron/Documents/pythonTools/modules/abstract_hugpy/src/abstract_hugpy/video_console/imports/abstract_webs.py - Estimated download time: -1.3566017150878906e-05 minutes
2025-09-19 03:01:44,920 - INFO - /home/computron/Documents/pythonTools/modules/abstract_hugpy/src/abstract_hugpy/video_console/imports/abstract_webs.py - Monitoring...
2025-09-19 03:01:47,160 - INFO - /home/computron/Documents/pythonTools/modules/abstract_hugpy/src/abstract_hugpy/video_console/imports/abstract_webs.py - Estimated download time: -4.601478576660156e-06 minutes
2025-09-19 03:02:26,605 - INFO - /home/computron/Documents/pythonTools/modules/abstract_hugpy/src/abstract_hugpy/video_console/imports/abstract_webs.py - Monitoring...
2025-09-19 03:02:27,272 - INFO - /home/computron/Documents/pythonTools/modules/abstract_hugpy/src/abstract_hugpy/video_console/imports/abstract_webs.py - Estimated download time: -3.5802523295084637e-06 minutes
2025-09-19 03:02:27,339 - INFO - /home/computron/Documents/pythonTools/modules/abstract_hugpy/src/abstract_hugpy/video_console/imports/abstract_webs.py - Monitoring...
2025-09-19 03:02:27,659 - INFO - /home/computron/Documents/pythonTools/modules/abstract_hugpy/src/abstract_hugpy/video_console/imports/abstract_webs.py - Estimated download time: -4.21603520711263e-06 minutes
2025-09-19 03:02:27,702 - ERROR - /home/computron/Documents/pythonTools/modules/abstract_hugpy/src/abstract_hugpy/video_console/imports/web_utils.py - dl_video failed: 'dict' object has no attribute 'info'
2025-09-19 03:03:22,047 - INFO - /home/computron/Documents/pythonTools/modules/abstract_hugpy/src/abstract_hugpy/video_console/imports/abstract_webs.py - Monitoring...
2025-09-19 03:03:22,739 - INFO - /home/computron/Documents/pythonTools/modules/abstract_hugpy/src/abstract_hugpy/video_console/imports/abstract_webs.py - Estimated download time: -3.866354624430338e-06 minutes
2025-09-19 03:03:22,803 - INFO - /home/computron/Documents/pythonTools/modules/abstract_hugpy/src/abstract_hugpy/video_console/imports/abstract_webs.py - Monitoring...
2025-09-19 03:03:23,115 - INFO - /home/computron/Documents/pythonTools/modules/abstract_hugpy/src/abstract_hugpy/video_console/imports/abstract_webs.py - Estimated download time: -4.851818084716797e-06 minutes
2025-09-19 03:03:23,160 - ERROR - /home/computron/Documents/pythonTools/modules/abstract_hugpy/src/abstract_hugpy/video_console/imports/web_utils.py - dl_video failed: 'dict' object has no attribute 'info'
2025-09-19 03:03:41,557 - INFO - /home/computron/Documents/pythonTools/modules/abstract_hugpy/src/abstract_hugpy/video_console/imports/abstract_webs.py - Monitoring...
2025-09-19 03:03:42,243 - INFO - /home/computron/Documents/pythonTools/modules/abstract_hugpy/src/abstract_hugpy/video_console/imports/abstract_webs.py - Estimated download time: -1.2783209482828776e-05 minutes
2025-09-19 03:03:42,274 - INFO - /home/computron/Documents/pythonTools/modules/abstract_hugpy/src/abstract_hugpy/video_console/imports/abstract_webs.py - Monitoring...
2025-09-19 03:03:42,586 - INFO - /home/computron/Documents/pythonTools/modules/abstract_hugpy/src/abstract_hugpy/video_console/imports/abstract_webs.py - Estimated download time: -4.263718922932943e-06 minutes
2025-09-19 03:05:02,619 - INFO - /home/computron/Documents/pythonTools/modules/abstract_hugpy/src/abstract_hugpy/video_console/imports/abstract_webs.py - Monitoring...
2025-09-19 03:05:03,293 - INFO - /home/computron/Documents/pythonTools/modules/abstract_hugpy/src/abstract_hugpy/video_console/imports/abstract_webs.py - Estimated download time: -3.735224405924479e-06 minutes
2025-09-19 03:05:03,308 - INFO - /home/computron/Documents/pythonTools/modules/abstract_hugpy/src/abstract_hugpy/video_console/imports/abstract_webs.py - Monitoring...
2025-09-19 03:05:03,668 - INFO - /home/computron/Documents/pythonTools/modules/abstract_hugpy/src/abstract_hugpy/video_console/imports/abstract_webs.py - Estimated download time: -1.436471939086914e-05 minutes
2025-09-19 03:05:33,337 - INFO - /home/computron/Documents/pythonTools/modules/abstract_hugpy/src/abstract_hugpy/video_console/imports/abstract_webs.py - Monitoring...
2025-09-19 03:05:33,973 - INFO - /home/computron/Documents/pythonTools/modules/abstract_hugpy/src/abstract_hugpy/video_console/imports/abstract_webs.py - Estimated download time: -1.2767314910888671e-05 minutes
2025-09-19 03:05:33,997 - INFO - /home/computron/Documents/pythonTools/modules/abstract_hugpy/src/abstract_hugpy/video_console/imports/abstract_webs.py - Monitoring...
2025-09-19 03:05:34,319 - INFO - /home/computron/Documents/pythonTools/modules/abstract_hugpy/src/abstract_hugpy/video_console/imports/abstract_webs.py - Estimated download time: -3.882249196370443e-06 minutes
2025-09-19 03:08:01,986 - INFO - /home/computron/Documents/pythonTools/modules/abstract_hugpy/src/abstract_hugpy/video_console/imports/abstract_webs.py - Monitoring...
2025-09-19 03:08:02,679 - INFO - /home/computron/Documents/pythonTools/modules/abstract_hugpy/src/abstract_hugpy/video_console/imports/abstract_webs.py - Estimated download time: -2.6305516560872396e-06 minutes
2025-09-19 03:08:02,749 - INFO - /home/computron/Documents/pythonTools/modules/abstract_hugpy/src/abstract_hugpy/video_console/imports/abstract_webs.py - Monitoring...
2025-09-19 03:08:03,042 - INFO - /home/computron/Documents/pythonTools/modules/abstract_hugpy/src/abstract_hugpy/video_console/imports/abstract_webs.py - Estimated download time: -3.548463185628255e-06 minutes
2025-09-19 03:09:54,340 - INFO - /home/computron/Documents/pythonTools/modules/abstract_hugpy/src/abstract_hugpy/video_console/imports/abstract_webs.py - Monitoring...
2025-09-19 03:09:55,022 - INFO - /home/computron/Documents/pythonTools/modules/abstract_hugpy/src/abstract_hugpy/video_console/imports/abstract_webs.py - Estimated download time: -3.5683314005533854e-06 minutes
2025-09-19 03:09:55,084 - INFO - /home/computron/Documents/pythonTools/modules/abstract_hugpy/src/abstract_hugpy/video_console/imports/abstract_webs.py - Monitoring...
2025-09-19 03:09:55,443 - INFO - /home/computron/Documents/pythonTools/modules/abstract_hugpy/src/abstract_hugpy/video_console/imports/abstract_webs.py - Estimated download time: -4.2478243509928385e-06 minutes
